[21/Apr/2020:09:52:11] (ℹ️): WordPress Instance Info:
[21/Apr/2020:09:52:11] (ℹ️): Home URL : http://localhost:8888/MiruNoahSite
[21/Apr/2020:09:52:11] (ℹ️): Site URL : http://localhost:8888/MiruNoahSite
[21/Apr/2020:09:52:11] (ℹ️): WordPress Version : 5.4
[21/Apr/2020:09:52:11] (ℹ️): Onboarding Version : 1.8.2
[21/Apr/2020:09:52:11] (ℹ️): Multisite : No
[21/Apr/2020:09:52:11] (ℹ️): Server Info : Apache/2.2.34 (Unix) mod_wsgi/3.5 Python/2.7.13 PHP/7.4.2 mod_ssl/2.2.34 OpenSSL/1.0.2o DAV/2 mod_fastcgi/mod_fastcgi-SNAP-0910052141 mod_perl/2.0.11 Perl/v5.24.0
[21/Apr/2020:09:52:11] (ℹ️): PHP Version : 7.4.2
[21/Apr/2020:09:52:11] (ℹ️): HTTPS : No
[21/Apr/2020:09:52:11] (ℹ️): PHP Max Execution Time : 30
[21/Apr/2020:09:52:11] (ℹ️): PHP Max Input Vars : 1000
[21/Apr/2020:09:52:11] (ℹ️): Max Upload Size : 8388608
[21/Apr/2020:09:52:11] (ℹ️): Plugins:
[21/Apr/2020:09:52:11] (ℹ️): [PLUGIN] Akismet Anti-Spam : v4.1.4 (Automattic)
[21/Apr/2020:09:52:11] (ℹ️): [PLUGIN] Contact Form 7 : v5.1.7 (Takayuki Miyoshi)
[21/Apr/2020:09:52:11] (ℹ️): [PLUGIN] Elementor : v2.9.7 (Elementor.com)
[21/Apr/2020:09:52:11] (ℹ️): [PLUGIN] Hello Dolly : v1.7.2 (Matt Mullenweg)
[21/Apr/2020:09:52:11] (ℹ️): [PLUGIN] MC4WP: Mailchimp for WordPress : v4.7.6 (ibericode)
[21/Apr/2020:09:52:11] (ℹ️): [PLUGIN] Master Slider : v3.5.8 (averta)
[21/Apr/2020:09:52:11] (ℹ️): [PLUGIN] Gutenberg Blocks and Template Library by Otter : v1.5.3 (ThemeIsle)
[21/Apr/2020:09:52:11] (ℹ️): [PLUGIN] Regenerate Thumbnails : v3.1.3 (Alex Mills (Viper007Bond))
[21/Apr/2020:09:52:11] (ℹ️): [PLUGIN] Simply Static : v2.1.0 (Code of Conduct LLC)
[21/Apr/2020:09:52:11] (ℹ️): [PLUGIN] Themebeez Toolkit : v1.2.0 (themebeez)
[21/Apr/2020:09:52:11] (ℹ️): [PLUGIN] Orbit Fox Companion : v2.9.6 (Themeisle)
[21/Apr/2020:09:52:11] (ℹ️): [PLUGIN] WooCommerce : v4.0.1 (Automattic)
[21/Apr/2020:09:52:11] (ℹ️): [PLUGIN] Phlox Core Elements : v2.5.8 (averta)
[21/Apr/2020:09:52:11] (ℹ️): [PLUGIN] Phlox Portfolio : v1.9.4 (averta)
